Added Component: Designator=C2(CAPC2012X145N)
Add component (AddParameter): Name = "Add into BOM"; Value = "yes"; VariantName = "[No Variations]"
Add component (AddParameter): Name = "Channel ID"; Value = ""; VariantName = "[No Variations]"
Add component (AddParameter): Name = "Convert to PCB"; Value = "yes"; VariantName = "[No Variations]"
Add component (AddParameter): Name = "Datasheet"; Value = "https://item.szlcsc.com/datasheet/UUG1J101MNQ1MS/7537320.html"; VariantName = "[No Variations]"
Add component (AddParameter): Name = "Device"; Value = "UUG1J101MNQ1MS"; VariantName = "[No Variations]"
Add component (AddParameter): Name = "Diameter"; Value = "12.5mm"; VariantName = "[No Variations]"
Add component (AddParameter): Name = "Group ID"; Value = ""; VariantName = "[No Variations]"
Add component (AddParameter): Name = "Height - Seated (Max)"; Value = "14.5mm"; VariantName = "[No Variations]"
Add component (AddParameter): Name = "JLCPCB Part Class"; Value = "Extended Part"; VariantName = "[No Variations]"
Add component (AddParameter): Name = "LCSC Part Name"; Value = "100uF ±20% 63V"; VariantName = "[No Variations]"
Add component (AddParameter): Name = "Lifetime"; Value = "2000hrs@85?"; VariantName = "[No Variations]"
Add component (AddParameter): Name = "Manufacturer"; Value = "Nichicon(???)"; VariantName = "[No Variations]"
Add component (AddParameter): Name = "Manufacturer Part"; Value = "UUG1J101MNQ1MS"; VariantName = "[No Variations]"
Add component (AddParameter): Name = "Operating Temperature"; Value = "-40?~+85?"; VariantName = "[No Variations]"
Add component (AddParameter): Name = "Reuse Block"; Value = ""; VariantName = "[No Variations]"
Add component (AddParameter): Name = "Ripple Current"; Value = "370mA@120Hz"; VariantName = "[No Variations]"
Add component (AddParameter): Name = "Supplier"; Value = "LCSC"; VariantName = "[No Variations]"
Add component (AddParameter): Name = "Supplier Footprint"; Value = "SMD,D12.5xL14.5mm"; VariantName = "[No Variations]"
Add component (AddParameter): Name = "Supplier Part"; Value = ""; VariantName = "[No Variations]"
Add component (AddParameter): Name = "Symbol"; Value = "UUG1J101MNQ1MS"; VariantName = "[No Variations]"
Add component (AddParameter): Name = "Tolerance"; Value = "±20%"; VariantName = "[No Variations]"
Add component (AddParameter): Name = "Value"; Value = "33?F"; VariantName = "[No Variations]"
Add component (AddParameter): Name = "Voltage Rating"; Value = "63V"; VariantName = "[No Variations]"
Added Component: Designator=C8(CAPC1608X95N)
Add component (AddParameter): Name = "CPAR"; Value = ""; VariantName = "[No Variations]"
Add component (AddParameter): Name = "LSER"; Value = ""; VariantName = "[No Variations]"
Add component (AddParameter): Name = "RLSHUNT"; Value = ""; VariantName = "[No Variations]"
Add component (AddParameter): Name = "RPAR"; Value = ""; VariantName = "[No Variations]"
Add component (AddParameter): Name = "RSER"; Value = ""; VariantName = "[No Variations]"
Add component (AddParameter): Name = "SimulationGenericComponent"; Value = "True"; VariantName = "[No Variations]"
Add component (AddParameter): Name = "TEMP"; Value = ""; VariantName = "[No Variations]"
Add component (AddParameter): Name = "Value"; Value = "4.7?F"; VariantName = "[No Variations]"
Added Component: Designator=C9(CAPC1608X95N)
Add component (AddParameter): Name = "CPAR"; Value = ""; VariantName = "[No Variations]"
Add component (AddParameter): Name = "LSER"; Value = ""; VariantName = "[No Variations]"
Add component (AddParameter): Name = "RLSHUNT"; Value = ""; VariantName = "[No Variations]"
Add component (AddParameter): Name = "RPAR"; Value = ""; VariantName = "[No Variations]"
Add component (AddParameter): Name = "RSER"; Value = ""; VariantName = "[No Variations]"
Add component (AddParameter): Name = "SimulationGenericComponent"; Value = "True"; VariantName = "[No Variations]"
Add component (AddParameter): Name = "TEMP"; Value = ""; VariantName = "[No Variations]"
Add component (AddParameter): Name = "Value"; Value = "4.7?F"; VariantName = "[No Variations]"
Added Component: Designator=C13(CAPC1608X90N)
Add component (AddParameter): Name = "CPAR"; Value = ""; VariantName = "[No Variations]"
Add component (AddParameter): Name = "LSER"; Value = ""; VariantName = "[No Variations]"
Add component (AddParameter): Name = "RLSHUNT"; Value = ""; VariantName = "[No Variations]"
Add component (AddParameter): Name = "RPAR"; Value = ""; VariantName = "[No Variations]"
Add component (AddParameter): Name = "RSER"; Value = ""; VariantName = "[No Variations]"
Add component (AddParameter): Name = "SimulationGenericComponent"; Value = "True"; VariantName = "[No Variations]"
Add component (AddParameter): Name = "TEMP"; Value = ""; VariantName = "[No Variations]"
Add component (AddParameter): Name = "Value"; Value = "1uF"; VariantName = "[No Variations]"
Added Component: Designator=C23(CAPC1608X90N)
Add component (AddParameter): Name = "CPAR"; Value = ""; VariantName = "[No Variations]"
Add component (AddParameter): Name = "LSER"; Value = ""; VariantName = "[No Variations]"
Add component (AddParameter): Name = "RLSHUNT"; Value = ""; VariantName = "[No Variations]"
Add component (AddParameter): Name = "RPAR"; Value = ""; VariantName = "[No Variations]"
Add component (AddParameter): Name = "RSER"; Value = ""; VariantName = "[No Variations]"
Add component (AddParameter): Name = "SimulationGenericComponent"; Value = "True"; VariantName = "[No Variations]"
Add component (AddParameter): Name = "TEMP"; Value = ""; VariantName = "[No Variations]"
Add component (AddParameter): Name = "Value"; Value = "1uF"; VariantName = "[No Variations]"
Added Component: Designator=C24(CAPC1608X90N)
Add component (AddParameter): Name = "CPAR"; Value = ""; VariantName = "[No Variations]"
Add component (AddParameter): Name = "LSER"; Value = ""; VariantName = "[No Variations]"
Add component (AddParameter): Name = "RLSHUNT"; Value = ""; VariantName = "[No Variations]"
Add component (AddParameter): Name = "RPAR"; Value = ""; VariantName = "[No Variations]"
Add component (AddParameter): Name = "RSER"; Value = ""; VariantName = "[No Variations]"
Add component (AddParameter): Name = "SimulationGenericComponent"; Value = "True"; VariantName = "[No Variations]"
Add component (AddParameter): Name = "TEMP"; Value = ""; VariantName = "[No Variations]"
Add component (AddParameter): Name = "Value"; Value = "1uF"; VariantName = "[No Variations]"
Added Component: Designator=C26(CAPC1608X90N)
Add component (AddParameter): Name = "CPAR"; Value = ""; VariantName = "[No Variations]"
Add component (AddParameter): Name = "LSER"; Value = ""; VariantName = "[No Variations]"
Add component (AddParameter): Name = "RLSHUNT"; Value = ""; VariantName = "[No Variations]"
Add component (AddParameter): Name = "RPAR"; Value = ""; VariantName = "[No Variations]"
Add component (AddParameter): Name = "RSER"; Value = ""; VariantName = "[No Variations]"
Add component (AddParameter): Name = "SimulationGenericComponent"; Value = "True"; VariantName = "[No Variations]"
Add component (AddParameter): Name = "TEMP"; Value = ""; VariantName = "[No Variations]"
Add component (AddParameter): Name = "Value"; Value = "1uF"; VariantName = "[No Variations]"
Added Component: Designator=R20(FP-RT0402-MFG)
Add component (AddParameter): Name = "DTEMP"; Value = ""; VariantName = "[No Variations]"
Add component (AddParameter): Name = "SimulationGenericComponent"; Value = "True"; VariantName = "[No Variations]"
Add component (AddParameter): Name = "T_REL_LOCAL"; Value = ""; VariantName = "[No Variations]"
Add component (AddParameter): Name = "TC"; Value = ""; VariantName = "[No Variations]"
Add component (AddParameter): Name = "TC1"; Value = "0"; VariantName = "[No Variations]"
Add component (AddParameter): Name = "TC2"; Value = "0"; VariantName = "[No Variations]"
Add component (AddParameter): Name = "TEMP"; Value = ""; VariantName = "[No Variations]"
Add component (AddParameter): Name = "Value"; Value = "7.5K"; VariantName = "[No Variations]"
Added Component: Designator=R26(RESC1005X40X25NL05T10)
Add component (AddParameter): Name = "DTEMP"; Value = ""; VariantName = "[No Variations]"
Add component (AddParameter): Name = "SimulationGenericComponent"; Value = "True"; VariantName = "[No Variations]"
Add component (AddParameter): Name = "T_REL_LOCAL"; Value = ""; VariantName = "[No Variations]"
Add component (AddParameter): Name = "TC"; Value = ""; VariantName = "[No Variations]"
Add component (AddParameter): Name = "TC1"; Value = "0"; VariantName = "[No Variations]"
Add component (AddParameter): Name = "TC2"; Value = "0"; VariantName = "[No Variations]"
Add component (AddParameter): Name = "TEMP"; Value = ""; VariantName = "[No Variations]"
Add component (AddParameter): Name = "Value"; Value = "60.4K"; VariantName = "[No Variations]"
Added Component: Designator=R30(FP-RT0402-MFG)
Add component (AddParameter): Name = "DTEMP"; Value = ""; VariantName = "[No Variations]"
Add component (AddParameter): Name = "SimulationGenericComponent"; Value = "True"; VariantName = "[No Variations]"
Add component (AddParameter): Name = "T_REL_LOCAL"; Value = ""; VariantName = "[No Variations]"
Add component (AddParameter): Name = "TC"; Value = ""; VariantName = "[No Variations]"
Add component (AddParameter): Name = "TC1"; Value = "0"; VariantName = "[No Variations]"
Add component (AddParameter): Name = "TC2"; Value = "0"; VariantName = "[No Variations]"
Add component (AddParameter): Name = "TEMP"; Value = ""; VariantName = "[No Variations]"
Add component (AddParameter): Name = "Value"; Value = "33"; VariantName = "[No Variations]"
Added Component: Designator=R32(FP-RT0402-MFG)
Add component (AddParameter): Name = "DTEMP"; Value = ""; VariantName = "[No Variations]"
Add component (AddParameter): Name = "SimulationGenericComponent"; Value = "True"; VariantName = "[No Variations]"
Add component (AddParameter): Name = "T_REL_LOCAL"; Value = ""; VariantName = "[No Variations]"
Add component (AddParameter): Name = "TC"; Value = ""; VariantName = "[No Variations]"
Add component (AddParameter): Name = "TC1"; Value = "0"; VariantName = "[No Variations]"
Add component (AddParameter): Name = "TC2"; Value = "0"; VariantName = "[No Variations]"
Add component (AddParameter): Name = "TEMP"; Value = ""; VariantName = "[No Variations]"
Add component (AddParameter): Name = "Value"; Value = "33"; VariantName = "[No Variations]"
Added Component: Designator=R33(RESC1005X40X25NL05T10)
Add component (AddParameter): Name = "DTEMP"; Value = ""; VariantName = "[No Variations]"
Add component (AddParameter): Name = "SimulationGenericComponent"; Value = "True"; VariantName = "[No Variations]"
Add component (AddParameter): Name = "T_REL_LOCAL"; Value = ""; VariantName = "[No Variations]"
Add component (AddParameter): Name = "TC"; Value = ""; VariantName = "[No Variations]"
Add component (AddParameter): Name = "TC1"; Value = "0"; VariantName = "[No Variations]"
Add component (AddParameter): Name = "TC2"; Value = "0"; VariantName = "[No Variations]"
Add component (AddParameter): Name = "TEMP"; Value = ""; VariantName = "[No Variations]"
Add component (AddParameter): Name = "Value"; Value = "4.7K"; VariantName = "[No Variations]"
Added Component: Designator=R34(RESC1005X40X25NL05T10)
Add component (AddParameter): Name = "DTEMP"; Value = ""; VariantName = "[No Variations]"
Add component (AddParameter): Name = "SimulationGenericComponent"; Value = "True"; VariantName = "[No Variations]"
Add component (AddParameter): Name = "T_REL_LOCAL"; Value = ""; VariantName = "[No Variations]"
Add component (AddParameter): Name = "TC"; Value = ""; VariantName = "[No Variations]"
Add component (AddParameter): Name = "TC1"; Value = "0"; VariantName = "[No Variations]"
Add component (AddParameter): Name = "TC2"; Value = "0"; VariantName = "[No Variations]"
Add component (AddParameter): Name = "TEMP"; Value = ""; VariantName = "[No Variations]"
Add component (AddParameter): Name = "Value"; Value = "4.7K"; VariantName = "[No Variations]"
Added Component: Designator=R35(FP-RT0402-MFG)
Add component (AddParameter): Name = "DTEMP"; Value = ""; VariantName = "[No Variations]"
Add component (AddParameter): Name = "SimulationGenericComponent"; Value = "True"; VariantName = "[No Variations]"
Add component (AddParameter): Name = "T_REL_LOCAL"; Value = ""; VariantName = "[No Variations]"
Add component (AddParameter): Name = "TC"; Value = ""; VariantName = "[No Variations]"
Add component (AddParameter): Name = "TC1"; Value = "0"; VariantName = "[No Variations]"
Add component (AddParameter): Name = "TC2"; Value = "0"; VariantName = "[No Variations]"
Add component (AddParameter): Name = "TEMP"; Value = ""; VariantName = "[No Variations]"
Add component (AddParameter): Name = "Value"; Value = "33"; VariantName = "[No Variations]"
Added Component: Designator=R45(FP-RT0402-MFG)
Add component (AddParameter): Name = "DTEMP"; Value = ""; VariantName = "[No Variations]"
Add component (AddParameter): Name = "SimulationGenericComponent"; Value = "True"; VariantName = "[No Variations]"
Add component (AddParameter): Name = "T_REL_LOCAL"; Value = ""; VariantName = "[No Variations]"
Add component (AddParameter): Name = "TC"; Value = ""; VariantName = "[No Variations]"
Add component (AddParameter): Name = "TC1"; Value = "0"; VariantName = "[No Variations]"
Add component (AddParameter): Name = "TC2"; Value = "0"; VariantName = "[No Variations]"
Add component (AddParameter): Name = "TEMP"; Value = ""; VariantName = "[No Variations]"
Add component (AddParameter): Name = "Value"; Value = "33"; VariantName = "[No Variations]"
Added Component: Designator=R46(FP-RT0402-MFG)
Add component (AddParameter): Name = "DTEMP"; Value = ""; VariantName = "[No Variations]"
Add component (AddParameter): Name = "SimulationGenericComponent"; Value = "True"; VariantName = "[No Variations]"
Add component (AddParameter): Name = "T_REL_LOCAL"; Value = ""; VariantName = "[No Variations]"
Add component (AddParameter): Name = "TC"; Value = ""; VariantName = "[No Variations]"
Add component (AddParameter): Name = "TC1"; Value = "0"; VariantName = "[No Variations]"
Add component (AddParameter): Name = "TC2"; Value = "0"; VariantName = "[No Variations]"
Add component (AddParameter): Name = "TEMP"; Value = ""; VariantName = "[No Variations]"
Add component (AddParameter): Name = "Value"; Value = "33"; VariantName = "[No Variations]"
Added Component: Designator=U1(RHL0020A_V)
Add component (AddParameter): Name = "Add into BOM"; Value = "yes"; VariantName = "[No Variations]"
Add component (AddParameter): Name = "Battery Temperature Detection"; Value = "Support"; VariantName = "[No Variations]"
Add component (AddParameter): Name = "Channel ID"; Value = ""; VariantName = "[No Variations]"
Add component (AddParameter): Name = "Charge Current - Max"; Value = "1.5A"; VariantName = "[No Variations]"
Add component (AddParameter): Name = "Charging Saturation Voltage"; Value = "4.2V"; VariantName = "[No Variations]"
Add component (AddParameter): Name = "Convert to PCB"; Value = "yes"; VariantName = "[No Variations]"
Add component (AddParameter): Name = "Datasheet"; Value = "https://www.ti.com/cn/lit/gpn/bq24070"; VariantName = "[No Variations]"
Add component (AddParameter): Name = "Device"; Value = "BQ24070RHLR"; VariantName = "[No Variations]"
Add component (AddParameter): Name = "Group ID"; Value = ""; VariantName = "[No Variations]"
Add component (AddParameter): Name = "JLCPCB Part Class"; Value = "Extended Part"; VariantName = "[No Variations]"
Add component (AddParameter): Name = "LCSC Part Name"; Value = "?????????????????IC"; VariantName = "[No Variations]"
Add component (AddParameter): Name = "Manufacturer"; Value = "TI(????)"; VariantName = "[No Variations]"
Add component (AddParameter): Name = "Manufacturer Part"; Value = "BQ24070RHLR"; VariantName = "[No Variations]"
Add component (AddParameter): Name = "Number of Cells"; Value = "1"; VariantName = "[No Variations]"
Add component (AddParameter): Name = "Operating Temperature"; Value = "-40?~+125?"; VariantName = "[No Variations]"
Add component (AddParameter): Name = "Reuse Block"; Value = ""; VariantName = "[No Variations]"
Add component (AddParameter): Name = "Supplier"; Value = "LCSC"; VariantName = "[No Variations]"
Add component (AddParameter): Name = "Supplier Footprint"; Value = "QFN-20-EP(3.7x4.7)"; VariantName = "[No Variations]"
Add component (AddParameter): Name = "Supplier Part"; Value = "C6514"; VariantName = "[No Variations]"
Add component (AddParameter): Name = "Supply Current (Iq)"; Value = "1mA"; VariantName = "[No Variations]"
Add component (AddParameter): Name = "Symbol"; Value = "BQ24070RHLR"; VariantName = "[No Variations]"
Add component (AddParameter): Name = "The Chip Type"; Value = "Charging IC"; VariantName = "[No Variations]"
Add component (AddParameter): Name = "Type of Battery"; Value = "Lithium Battery"; VariantName = "[No Variations]"
Add component (AddParameter): Name = "Voltage - Supply"; Value = "4.35V~16V"; VariantName = "[No Variations]"
Added Component: Designator=U2(QFN50P400X400X100-21N)
Add component (AddParameter): Name = "Copyright"; Value = "Copyright (C) 2025 Ultra Librarian. All rights reserved."; VariantName = "[No Variations]"
Add component (AddParameter): Name = "Manufacturer_Name"; Value = "Analog Devices Inc"; VariantName = "[No Variations]"
Add component (AddParameter): Name = "Manufacturer_Part_Number"; Value = "ADP5070ACPZ"; VariantName = "[No Variations]"
Add component (AddParameter): Name = "RefDes"; Value = "RefDes"; VariantName = "[No Variations]"
Add component (AddParameter): Name = "Type"; Value = "Power Management"; VariantName = "[No Variations]"
Add component: Footprint Not Found BAT-SMD_BH-18650_C9900015078
Added Component: Designator=U9(FP-LQFP64-5W-MFG)
Add component (AddParameter): Name = "ADC (Bit)"; Value = "12bit"; VariantName = "[No Variations]"
Add component (AddParameter): Name = "Add into BOM"; Value = "yes"; VariantName = "[No Variations]"
Add component (AddParameter): Name = "Applications"; Value = "-"; VariantName = "[No Variations]"
Add component (AddParameter): Name = "Channel ID"; Value = ""; VariantName = "[No Variations]"
Add component (AddParameter): Name = "Convert to PCB"; Value = "yes"; VariantName = "[No Variations]"
Add component (AddParameter): Name = "CPU Bit Width"; Value = "32bit"; VariantName = "[No Variations]"
Add component (AddParameter): Name = "CPU Core"; Value = "ARM-M4"; VariantName = "[No Variations]"
Add component (AddParameter): Name = "CPU Maximum Speed"; Value = "180MHz"; VariantName = "[No Variations]"
Add component (AddParameter): Name = "DAC (Bit)"; Value = "12bit"; VariantName = "[No Variations]"
Add component (AddParameter): Name = "Datasheet"; Value = "https://item.szlcsc.com/datasheet/STM32F446RET6/70451.html"; VariantName = "[No Variations]"
Add component (AddParameter): Name = "Device"; Value = "STM32F446RET6"; VariantName = "[No Variations]"
Add component (AddParameter): Name = "Group ID"; Value = ""; VariantName = "[No Variations]"
Add component (AddParameter): Name = "JLCPCB Part Class"; Value = "Extended Part"; VariantName = "[No Variations]"
Add component (AddParameter): Name = "LCSC Part Name"; Value = "MSL=3 ?DSP?FPU????????ARM Cortex-M4 MCU,??512 KB Flash?180 MHz CPU?ART?????QSPI"; VariantName = "[No Variations]"
Add component (AddParameter): Name = "Manufacturer"; Value = "ST(?????)"; VariantName = "[No Variations]"
Add component (AddParameter): Name = "Manufacturer Part"; Value = "STM32F446RET6"; VariantName = "[No Variations]"
Add component (AddParameter): Name = "Number of I/O"; Value = "50"; VariantName = "[No Variations]"
Add component (AddParameter): Name = "Program Memory Type"; Value = "FLASH"; VariantName = "[No Variations]"
Add component (AddParameter): Name = "Program Storage Size"; Value = "512KB"; VariantName = "[No Variations]"
Add component (AddParameter): Name = "Reuse Block"; Value = ""; VariantName = "[No Variations]"
Add component (AddParameter): Name = "Supplier"; Value = "LCSC"; VariantName = "[No Variations]"
Add component (AddParameter): Name = "Supplier Footprint"; Value = "LQFP-64(10x10)"; VariantName = "[No Variations]"
Add component (AddParameter): Name = "Supplier Part"; Value = "C69336"; VariantName = "[No Variations]"
Add component (AddParameter): Name = "Symbol"; Value = "STM32F446RET6"; VariantName = "[No Variations]"
Add component (AddParameter): Name = "Voltage - Supply"; Value = "1.7V~3.6V"; VariantName = "[No Variations]"
Add Pin To Net: Unknown Pin: Pin 1-0
Add Pin To Net: Unknown Pin: Pin 2-0
Added Pin To Net: NetName=V_SYS Pin=C2-1
Added Pin To Net: NetName=GND Pin=C2-2
Added Pin To Net: NetName=GND Pin=C8-1
Added Pin To Net: NetName=V_SYS Pin=C8-2
Added Pin To Net: NetName=GND Pin=C9-1
Added Pin To Net: NetName=V_SYS Pin=C9-2
Added Pin To Net: NetName=NetC13_1 Pin=C13-1
Added Pin To Net: NetName=GND Pin=C13-2
Add Pin To Net: Unknown Pin: Pin C14-1
Add Pin To Net: Unknown Pin: Pin C14-2
Added Pin To Net: NetName=NetC23_1 Pin=C23-1
Added Pin To Net: NetName=GND Pin=C23-2
Added Pin To Net: NetName=GND Pin=C24-1
Added Pin To Net: NetName=STM32_VDD Pin=C24-2
Added Pin To Net: NetName=GND Pin=C26-1
Added Pin To Net: NetName=V_SYS Pin=C26-2
Add Pin To Net: Unknown Pin: Pin R3-1
Add Pin To Net: Unknown Pin: Pin R3-2
Add Pin To Net: Unknown Pin: Pin R5-1
Add Pin To Net: Unknown Pin: Pin R5-2
Add Pin To Net: Unknown Pin: Pin R6-1
Add Pin To Net: Unknown Pin: Pin R6-2
Add Pin To Net: Unknown Pin: Pin R7-1
Add Pin To Net: Unknown Pin: Pin R7-2
Add Pin To Net: Unknown Pin: Pin R11-1
Add Pin To Net: Unknown Pin: Pin R11-2
Add Pin To Net: Unknown Pin: Pin R12-1
Add Pin To Net: Unknown Pin: Pin R12-2
Add Pin To Net: Unknown Pin: Pin R15-1
Add Pin To Net: Unknown Pin: Pin R15-2
Add Pin To Net: Unknown Pin: Pin R17-1
Add Pin To Net: Unknown Pin: Pin R17-2
Added Pin To Net: NetName=GND Pin=R20-1
Added Pin To Net: NetName=NetR20_2 Pin=R20-2
Add Pin To Net: Unknown Pin: Pin R21-1
Add Pin To Net: Unknown Pin: Pin R21-2
Add Pin To Net: Unknown Pin: Pin R22-1
Add Pin To Net: Unknown Pin: Pin R22-2
Add Pin To Net: Unknown Pin: Pin R23-1
Add Pin To Net: Unknown Pin: Pin R23-2
Added Pin To Net: NetName=GND Pin=R26-1
Added Pin To Net: NetName=NetR26_2 Pin=R26-2
Add Pin To Net: Unknown Pin: Pin R27-1
Add Pin To Net: Unknown Pin: Pin R27-2
Added Pin To Net: NetName=NetR30_1 Pin=R30-1
Added Pin To Net: NetName=I2C1_SDA_STM32 Pin=R30-2
Add Pin To Net: Unknown Pin: Pin R31-1
Add Pin To Net: Unknown Pin: Pin R31-2
Added Pin To Net: NetName=NetR32_1 Pin=R32-1
Added Pin To Net: NetName=I2C1_SCL_STM32 Pin=R32-2
Added Pin To Net: NetName=STM32_VDD Pin=R33-1
Added Pin To Net: NetName=NetR30_1 Pin=R33-2
Added Pin To Net: NetName=STM32_VDD Pin=R34-1
Added Pin To Net: NetName=NetR32_1 Pin=R34-2
Added Pin To Net: NetName=I2S2_SD Pin=R35-1
Added Pin To Net: NetName=NetR35_2 Pin=R35-2
Add Pin To Net: Unknown Pin: Pin R36-1
Add Pin To Net: Unknown Pin: Pin R36-2
Add Pin To Net: Unknown Pin: Pin R38-1
Add Pin To Net: Unknown Pin: Pin R38-2
Add Pin To Net: Unknown Pin: Pin R42-1
Add Pin To Net: Unknown Pin: Pin R42-2
Add Pin To Net: Unknown Pin: Pin R44-1
Add Pin To Net: Unknown Pin: Pin R44-2
Added Pin To Net: NetName=NetR45_1 Pin=R45-1
Added Pin To Net: NetName=I2S2_CK Pin=R45-2
Added Pin To Net: NetName=NetR46_1 Pin=R46-1
Added Pin To Net: NetName=I2S2_WS Pin=R46-2
Add Pin To Net: Unknown Pin: Pin R47-1
Add Pin To Net: Unknown Pin: Pin R47-2
Add Pin To Net: Unknown Pin: Pin R48-1
Add Pin To Net: Unknown Pin: Pin R48-2
Add Pin To Net: Unknown Pin: Pin R51-1
Add Pin To Net: Unknown Pin: Pin R51-2
Add Pin To Net: Unknown Pin: Pin R52-1
Add Pin To Net: Unknown Pin: Pin R52-2
Added Pin To Net: NetName=NetC15_1 Pin=U1-1
Added Pin To Net: NetName=VBUS_C Pin=U1-4
Added Pin To Net: NetName=NetC14_1 Pin=U1-5
Added Pin To Net: NetName=NetC14_1 Pin=U1-6
Added Pin To Net: NetName=GND Pin=U1-8
Added Pin To Net: NetName=GND Pin=U1-9
Added Pin To Net: NetName=NetR8_2 Pin=U1-12
Added Pin To Net: NetName=NetR15_2 Pin=U1-13
Added Pin To Net: NetName=NetR26_2 Pin=U1-14
Added Pin To Net: NetName=V_SYS Pin=U1-15
Added Pin To Net: NetName=V_SYS Pin=U1-16
Added Pin To Net: NetName=V_SYS Pin=U1-17
Added Pin To Net: NetName=GND Pin=U1-19
Added Pin To Net: NetName=GND Pin=U1-20
Added Pin To Net: NetName=NetL1_1 Pin=U2-1
Added Pin To Net: NetName=GND Pin=U2-2
Added Pin To Net: NetName=NetR3_2 Pin=U2-5
Added Pin To Net: NetName=NetR4_2 Pin=U2-6
Added Pin To Net: NetName=ADP5070 EN1 Pin=U2-7
Added Pin To Net: NetName=NetR5_2 Pin=U2-8
Added Pin To Net: NetName=ADP5070 EN2 Pin=U2-9
Added Pin To Net: NetName=NetR13_2 Pin=U2-10
Added Pin To Net: NetName=NetC23_1 Pin=U2-11
Added Pin To Net: NetName=NetC13_1 Pin=U2-12
Added Pin To Net: NetName=GND Pin=U2-13
Added Pin To Net: NetName=NetC23_1 Pin=U2-14
Added Pin To Net: NetName=V_SYS Pin=U2-15
Added Pin To Net: NetName=V_SYS Pin=U2-16
Added Pin To Net: NetName=V_SYS Pin=U2-17
Added Pin To Net: NetName=NetCR2_1 Pin=U2-18
Added Pin To Net: NetName=GND Pin=U2-19
Added Pin To Net: NetName=NetCR1_2 Pin=U2-20
Added Pin To Net: NetName=GND Pin=U2-21
Add Pin To Net: Unknown Pin: Pin U4-1
Add Pin To Net: Unknown Pin: Pin U4-2
Added Pin To Net: NetName=STM32_VDD Pin=U9-1
Added Pin To Net: NetName=STM32_CLK_IN Pin=U9-5
Added Pin To Net: NetName=NetC28_1 Pin=U9-7
Added Pin To Net: NetName=DAC_ON/OFF Pin=U9-10
Added Pin To Net: NetName=NetR35_2 Pin=U9-11
Added Pin To Net: NetName=GND Pin=U9-12
Added Pin To Net: NetName=NetC30_1 Pin=U9-13
Added Pin To Net: NetName=STM32_VDD Pin=U9-19
Added Pin To Net: NetName=PWR_HOLD Pin=U9-20
Added Pin To Net: NetName=BTN_CENTER Pin=U9-21
Added Pin To Net: NetName=BTN_LEFT Pin=U9-22
Added Pin To Net: NetName=BTN_RIGHT Pin=U9-23
Added Pin To Net: NetName=BTN_UP Pin=U9-24
Added Pin To Net: NetName=BTN_DOWN Pin=U9-25
Added Pin To Net: NetName=GND Pin=U9-31
Added Pin To Net: NetName=STM32_VDD Pin=U9-32
Added Pin To Net: NetName=NetR46_1 Pin=U9-33
Added Pin To Net: NetName=NetR45_1 Pin=U9-34
Added Pin To Net: NetName=ADP5070 EN2 Pin=U9-39
Added Pin To Net: NetName=ADP5070 EN1 Pin=U9-40
Added Pin To Net: NetName=OTG_FS_DM Pin=U9-44
Added Pin To Net: NetName=OTG_FS_DP Pin=U9-45
Added Pin To Net: NetName=GND Pin=U9-47
Added Pin To Net: NetName=STM32_VDD Pin=U9-48
Added Pin To Net: NetName=STM32_VDD Pin=U9-49
Added Pin To Net: NetName=NetR32_1 Pin=U9-58
Added Pin To Net: NetName=NetR30_1 Pin=U9-59
Added Pin To Net: NetName=NetR29_1 Pin=U9-60
Added Pin To Net: NetName=GND Pin=U9-63
Added Pin To Net: NetName=STM32_VDD Pin=U9-64
Added Member To Class: ClassName=1_P1 Member=Component C2 10?F
Added Member To Class: ClassName=1_P1 Member=Component C8 Capacitor
Added Member To Class: ClassName=1_P1 Member=Component C9 Capacitor
Added Member To Class: ClassName=1_P1 Member=Component C13 Capacitor
Add Class Member: Failed to add class member : Component C14 33?F
Added Member To Class: ClassName=1_P1 Member=Component C23 Capacitor
Added Member To Class: ClassName=1_P1 Member=Component C24 Capacitor
Added Member To Class: ClassName=1_P1 Member=Component C26 Capacitor
Add Class Member: Failed to add class member : Component R3 Resistor
Add Class Member: Failed to add class member : Component R5 Resistor
Add Class Member: Failed to add class member : Component R6 Resistor
Add Class Member: Failed to add class member : Component R7 Resistor
Add Class Member: Failed to add class member : Component R11 Resistor
Add Class Member: Failed to add class member : Component R12 Resistor
Add Class Member: Failed to add class member : Component R15 Resistor
Add Class Member: Failed to add class member : Component R17 Resistor
Added Member To Class: ClassName=1_P1 Member=Component R20 Resistor
Add Class Member: Failed to add class member : Component R21 Resistor
Add Class Member: Failed to add class member : Component R22 Resistor
Add Class Member: Failed to add class member : Component R23 Resistor
Added Member To Class: ClassName=1_P1 Member=Component R26 Res_0603
Add Class Member: Failed to add class member : Component R27 Resistor
Added Member To Class: ClassName=1_P1 Member=Component R30 Resistor
Add Class Member: Failed to add class member : Component R31 Resistor
Added Member To Class: ClassName=1_P1 Member=Component R32 Resistor
Added Member To Class: ClassName=1_P1 Member=Component R33 Resistor
Added Member To Class: ClassName=1_P1 Member=Component R34 Resistor
Added Member To Class: ClassName=1_P1 Member=Component R35 Resistor
Add Class Member: Failed to add class member : Component R36 Resistor
Add Class Member: Failed to add class member : Component R38 Resistor
Add Class Member: Failed to add class member : Component R42 Resistor
Add Class Member: Failed to add class member : Component R44 Resistor
Added Member To Class: ClassName=1_P1 Member=Component R45 Resistor
Added Member To Class: ClassName=1_P1 Member=Component R46 Resistor
Add Class Member: Failed to add class member : Component R47 Resistor
Add Class Member: Failed to add class member : Component R48 Resistor
Add Class Member: Failed to add class member : Component R51 Resistor
Add Class Member: Failed to add class member : Component R52 Resistor
Added Member To Class: ClassName=1_P1 Member=Component U1 BQ24070RHLR
Added Member To Class: ClassName=1_P1 Member=Component U2 ADP5070ACPZ
Add Class Member: Failed to add class member : Component U4 BAT_BOX
Added Member To Class: ClassName=1_P1 Member=Component U9 STM32F446RET6
