Change Physical Footprint: Designator=1 Old Footprint=PCBComponent_1 New Footprint=PCBComponent_1
Change Physical Footprint: Designator=2 Old Footprint=PCBComponent_1 New Footprint=PCBComponent_1
Change Physical Footprint: Designator=C1 Old Footprint=FP-GRM155-0_05-MFG New Footprint=FP-GRM155-0_05-MFG
Change Physical Footprint: Designator=C2 Old Footprint=CAPC2012X145N New Footprint=CAPC2012X145N
Change Physical Footprint: Designator=C3 Old Footprint=FP-GRM32-MFG New Footprint=FP-GRM32-MFG
Change Physical Footprint: Designator=C4 Old Footprint=FP-GRM32-MFG New Footprint=FP-GRM32-MFG
Change Physical Footprint: Designator=C5 Old Footprint=FP-GRM155-0_05-MFG New Footprint=FP-GRM155-0_05-MFG
Change Physical Footprint: Designator=C6 Old Footprint=FP-GRM32-MFG New Footprint=FP-GRM32-MFG
Change Physical Footprint: Designator=C7 Old Footprint=FP-GRM32-MFG New Footprint=FP-GRM32-MFG
Change Physical Footprint: Designator=C8 Old Footprint=CAPC1608X95N New Footprint=CAPC1608X95N
Change Physical Footprint: Designator=C9 Old Footprint=CAPC1608X95N New Footprint=CAPC1608X95N
Change Physical Footprint: Designator=C10 Old Footprint=FP-GRM32-MFG New Footprint=FP-GRM32-MFG
Change Physical Footprint: Designator=C11 Old Footprint=FP-GRM32-MFG New Footprint=FP-GRM32-MFG
Change Physical Footprint: Designator=C12 Old Footprint=FP-GRM32-MFG New Footprint=FP-GRM32-MFG
Change Physical Footprint: Designator=C13 Old Footprint=CAPC1608X90N New Footprint=CAPC1608X90N
Change Physical Footprint: Designator=C15 Old Footprint=FP-GRM155-0_05-MFG New Footprint=FP-GRM155-0_05-MFG
Change Physical Footprint: Designator=C16 Old Footprint=FP-CL10-IPC_B New Footprint=FP-CL10-IPC_B
Change Physical Footprint: Designator=C17 Old Footprint=FP-CL10-IPC_B New Footprint=FP-CL10-IPC_B
Change Physical Footprint: Designator=C18 Old Footprint=FP-GRM155-0_05-MFG New Footprint=FP-GRM155-0_05-MFG
Change Physical Footprint: Designator=C19 Old Footprint=FP-CL10-IPC_B New Footprint=FP-CL10-IPC_B
Change Physical Footprint: Designator=C20 Old Footprint=FP-GRM32-MFG New Footprint=FP-GRM32-MFG
Change Physical Footprint: Designator=C21 Old Footprint=FP-GRM32-MFG New Footprint=FP-GRM32-MFG
Change Physical Footprint: Designator=C22 Old Footprint=FP-CL10-IPC_B New Footprint=FP-CL10-IPC_B
Change Physical Footprint: Designator=C23 Old Footprint=CAPC1608X90N New Footprint=CAPC1608X90N
Change Physical Footprint: Designator=C24 Old Footprint=CAPC1608X90N New Footprint=CAPC1608X90N
Change Physical Footprint: Designator=C25 Old Footprint=FP-GCM155-0_05-MFG New Footprint=FP-GCM155-0_05-MFG
Change Physical Footprint: Designator=C26 Old Footprint=CAPC1608X90N New Footprint=CAPC1608X90N
Change Physical Footprint: Designator=C27 Old Footprint=FP-GCM155-0_05-MFG New Footprint=FP-GCM155-0_05-MFG
Change Physical Footprint: Designator=C28 Old Footprint=FP-GRM155-0_05-MFG New Footprint=FP-GRM155-0_05-MFG
Change Physical Footprint: Designator=C29 Old Footprint=FP-GRM155-0_05-MFG New Footprint=FP-GRM155-0_05-MFG
Change Physical Footprint: Designator=C30 Old Footprint=FP-C0402C-BB-MFG New Footprint=FP-C0402C-BB-MFG
Change Physical Footprint: Designator=C31 Old Footprint=FP-GRM155-0_05-MFG New Footprint=FP-GRM155-0_05-MFG
Change Physical Footprint: Designator=C32 Old Footprint=FP-GRM155-0_05-MFG New Footprint=FP-GRM155-0_05-MFG
Change Physical Footprint: Designator=C33 Old Footprint=FP-GRM155-0_05-MFG New Footprint=FP-GRM155-0_05-MFG
Change Physical Footprint: Designator=C34 Old Footprint=FP-GRM155-0_05-MFG New Footprint=FP-GRM155-0_05-MFG
Change Physical Footprint: Designator=C35 Old Footprint=FP-CL10-IPC_B New Footprint=FP-CL10-IPC_B
Change Physical Footprint: Designator=C36 Old Footprint=FP-GCM155-0_05-MFG New Footprint=FP-GCM155-0_05-MFG
Change Physical Footprint: Designator=C37 Old Footprint=FP-GCM155-0_05-MFG New Footprint=FP-GCM155-0_05-MFG
Change Physical Footprint: Designator=C38 Old Footprint=FP-CL21B106KOQNNNE-MFG New Footprint=FP-CL21B106KOQNNNE-MFG
Change Physical Footprint: Designator=C39 Old Footprint=FP-GRM155-0_05-MFG New Footprint=FP-GRM155-0_05-MFG
Change Physical Footprint: Designator=C40 Old Footprint=FP-CL21B106KOQNNNE-MFG New Footprint=FP-CL21B106KOQNNNE-MFG
Change Physical Footprint: Designator=CR1 Old Footprint=POWERDI123_DIO New Footprint=POWERDI123_DIO
Change Physical Footprint: Designator=CR2 Old Footprint=POWERDI123_DIO New Footprint=POWERDI123_DIO
Change Physical Footprint: Designator=FL1 Old Footprint=FP-BLM18-0_15-t0_8-MFG New Footprint=FP-BLM18-0_15-t0_8-MFG
Change Physical Footprint: Designator=FL2 Old Footprint=FP-BLM18-0_15-t0_8-MFG New Footprint=FP-BLM18-0_15-t0_8-MFG
Change Physical Footprint: Designator=IC1 Old Footprint=QFN40P300X500X80-31N-D New Footprint=QFN40P300X500X80-31N-D
Change Physical Footprint: Designator=IC2 Old Footprint=SOP50P490X110-10N New Footprint=SOP50P490X110-10N
Change Physical Footprint: Designator=J1 Old Footprint=GCT_USB4110GFA New Footprint=GCT_USB4110GFA
Change Physical Footprint: Designator=L1 Old Footprint=WE-MAPI_4030 New Footprint=WE-MAPI_4030
Change Physical Footprint: Designator=L2 Old Footprint=WE-MAPI_4030 New Footprint=WE-MAPI_4030
Change Physical Footprint: Designator=R1 Old Footprint=RESC1005X40X25NL05T10 New Footprint=RESC1005X40X25NL05T10
Change Physical Footprint: Designator=R2 Old Footprint=RESC1005X40X25NL05T10 New Footprint=RESC1005X40X25NL05T10
Change Physical Footprint: Designator=R4 Old Footprint=FP-RT0402-MFG New Footprint=FP-RT0402-MFG
Change Physical Footprint: Designator=R8 Old Footprint=RESC1005X40X25NL05T10 New Footprint=RESC1005X40X25NL05T10
Change Physical Footprint: Designator=R9 Old Footprint=RESC1005X40X25NL05T10 New Footprint=RESC1005X40X25NL05T10
Change Physical Footprint: Designator=R10 Old Footprint=RESC1005X40X25NL05T10 New Footprint=RESC1005X40X25NL05T10
Change Physical Footprint: Designator=R13 Old Footprint=FP-RT0402-MFG New Footprint=FP-RT0402-MFG
Change Physical Footprint: Designator=R14 Old Footprint=RESC1005X40X25NL10T10 New Footprint=RESC1005X40X25NL10T10
Change Physical Footprint: Designator=R16 Old Footprint=FP-ERA2A-MFG New Footprint=FP-ERA2A-MFG
Change Physical Footprint: Designator=R18 Old Footprint=RESC1005X40X25NL10T10 New Footprint=RESC1005X40X25NL10T10
Change Physical Footprint: Designator=R19 Old Footprint=RESC1005X40X25NL10T10 New Footprint=RESC1005X40X25NL10T10
Change Physical Footprint: Designator=R20 Old Footprint=FP-RT0402-MFG New Footprint=FP-RT0402-MFG
Change Physical Footprint: Designator=R24 Old Footprint=FP-ERA2A-MFG New Footprint=FP-ERA2A-MFG
Change Physical Footprint: Designator=R25 Old Footprint=FP-ERA2A-MFG New Footprint=FP-ERA2A-MFG
Change Physical Footprint: Designator=R26 Old Footprint=RESC1005X40X25NL05T10 New Footprint=RESC1005X40X25NL05T10
Change Physical Footprint: Designator=R28 Old Footprint=FP-ERA2A-MFG New Footprint=FP-ERA2A-MFG
Change Physical Footprint: Designator=R29 Old Footprint=RESC1005X40X25NL05T10 New Footprint=RESC1005X40X25NL05T10
Change Physical Footprint: Designator=R30 Old Footprint=FP-RT0402-MFG New Footprint=FP-RT0402-MFG
Change Physical Footprint: Designator=R32 Old Footprint=FP-RT0402-MFG New Footprint=FP-RT0402-MFG
Change Physical Footprint: Designator=R33 Old Footprint=RESC1005X40X25NL05T10 New Footprint=RESC1005X40X25NL05T10
Change Physical Footprint: Designator=R34 Old Footprint=RESC1005X40X25NL05T10 New Footprint=RESC1005X40X25NL05T10
Change Physical Footprint: Designator=R35 Old Footprint=FP-RT0402-MFG New Footprint=FP-RT0402-MFG
Change Physical Footprint: Designator=R37 Old Footprint=RESC1005X40X25NL05T10 New Footprint=RESC1005X40X25NL05T10
Change Physical Footprint: Designator=R39 Old Footprint=RESC1005X40X25NL05T10 New Footprint=RESC1005X40X25NL05T10
Change Physical Footprint: Designator=R40 Old Footprint=RESC1005X40X25NL05T10 New Footprint=RESC1005X40X25NL05T10
Change Physical Footprint: Designator=R41 Old Footprint=RESC1005X40X25NL05T10 New Footprint=RESC1005X40X25NL05T10
Change Physical Footprint: Designator=R43 Old Footprint=RESC1005X40X25NL05T10 New Footprint=RESC1005X40X25NL05T10
Change Physical Footprint: Designator=R45 Old Footprint=FP-RT0402-MFG New Footprint=FP-RT0402-MFG
Change Physical Footprint: Designator=R46 Old Footprint=FP-RT0402-MFG New Footprint=FP-RT0402-MFG
Change Physical Footprint: Designator=R49 Old Footprint=FP-RT0402-0_35-MFG New Footprint=FP-RT0402-0_35-MFG
Change Physical Footprint: Designator=R50 Old Footprint=FP-RT0402-0_35-MFG New Footprint=FP-RT0402-0_35-MFG
Change Physical Footprint: Designator=U1 Old Footprint=RHL0020A_V New Footprint=RHL0020A_V
Change Physical Footprint: Designator=U2 Old Footprint=QFN50P400X400X100-21N New Footprint=QFN50P400X400X100-21N
Change Physical Footprint: Designator=U3 Old Footprint=SON45P300X300X80-13N New Footprint=SON45P300X300X80-13N
Change Physical Footprint: Designator=U5 Old Footprint=FP-DD-10-05-08-1699-MFG New Footprint=FP-DD-10-05-08-1699-MFG
Change Physical Footprint: Designator=U6 Old Footprint=FP-DD-10-05-08-1699-MFG New Footprint=FP-DD-10-05-08-1699-MFG
Change Physical Footprint: Designator=U7 Old Footprint=FP-DD-10-05-08-1699-MFG New Footprint=FP-DD-10-05-08-1699-MFG
Change Physical Footprint: Designator=U9 Old Footprint=FP-LQFP64-5W-MFG New Footprint=FP-LQFP64-5W-MFG
Change Physical Footprint: Designator=U10 Old Footprint=IC_OPA1622IDRCR New Footprint=IC_OPA1622IDRCR
Change Physical Footprint: Designator=X1 Old Footprint=FP-NX3225SA-MFG New Footprint=FP-NX3225SA-MFG
