Change Footprint: Footprint Not Found CP-20-8_ADI
Change Component Footprint: Designator=C30 Old Footprint=FP-C0402C-BB-MFG New Footprint=FP-C0402C-BB-MFG
Change Component Footprint: Designator=C16 Old Footprint=FP-CL10-IPC_B New Footprint=FP-CL10-IPC_B
Change Component Footprint: Designator=C17 Old Footprint=FP-CL10-IPC_B New Footprint=FP-CL10-IPC_B
Change Component Footprint: Designator=C19 Old Footprint=FP-CL10-IPC_B New Footprint=FP-CL10-IPC_B
Change Component Footprint: Designator=C22 Old Footprint=FP-CL10-IPC_B New Footprint=FP-CL10-IPC_B
Change Component Footprint: Designator=C35 Old Footprint=FP-CL10-IPC_B New Footprint=FP-CL10-IPC_B
Change Component Footprint: Designator=C38 Old Footprint=FP-CL21B106KOQNNNE-MFG New Footprint=FP-CL21B106KOQNNNE-MFG
Change Component Footprint: Designator=C40 Old Footprint=FP-CL21B106KOQNNNE-MFG New Footprint=FP-CL21B106KOQNNNE-MFG
Change Component Footprint: Designator=C25 Old Footprint=FP-GCM155-0_05-MFG New Footprint=FP-GCM155-0_05-MFG
Change Component Footprint: Designator=C27 Old Footprint=FP-GCM155-0_05-MFG New Footprint=FP-GCM155-0_05-MFG
Change Component Footprint: Designator=C36 Old Footprint=FP-GCM155-0_05-MFG New Footprint=FP-GCM155-0_05-MFG
Change Component Footprint: Designator=C37 Old Footprint=FP-GCM155-0_05-MFG New Footprint=FP-GCM155-0_05-MFG
Change Component Footprint: Designator=C11 Old Footprint=FP-GRM32-MFG New Footprint=FP-GRM32-MFG
Change Component Footprint: Designator=C12 Old Footprint=FP-GRM32-MFG New Footprint=FP-GRM32-MFG
Change Component Footprint: Designator=C5 Old Footprint=FP-GRM155-0_05-MFG New Footprint=FP-GRM155-0_05-MFG
Change Component Footprint: Designator=C15 Old Footprint=FP-GRM155-0_05-MFG New Footprint=FP-GRM155-0_05-MFG
Change Component Footprint: Designator=C18 Old Footprint=FP-GRM155-0_05-MFG New Footprint=FP-GRM155-0_05-MFG
Change Component Footprint: Designator=C28 Old Footprint=FP-GRM155-0_05-MFG New Footprint=FP-GRM155-0_05-MFG
Change Component Footprint: Designator=C29 Old Footprint=FP-GRM155-0_05-MFG New Footprint=FP-GRM155-0_05-MFG
Change Component Footprint: Designator=C31 Old Footprint=FP-GRM155-0_05-MFG New Footprint=FP-GRM155-0_05-MFG
Change Component Footprint: Designator=C32 Old Footprint=FP-GRM155-0_05-MFG New Footprint=FP-GRM155-0_05-MFG
Change Component Footprint: Designator=C33 Old Footprint=FP-GRM155-0_05-MFG New Footprint=FP-GRM155-0_05-MFG
Change Component Footprint: Designator=C34 Old Footprint=FP-GRM155-0_05-MFG New Footprint=FP-GRM155-0_05-MFG
Change Component Footprint: Designator=C39 Old Footprint=FP-GRM155-0_05-MFG New Footprint=FP-GRM155-0_05-MFG
Added Component: Designator=L1(WE-MAPI_4030)
Add component (AddParameter): Name = "CPAR"; Value = ""; VariantName = "[No Variations]"
Add component (AddParameter): Name = "DTEMP"; Value = ""; VariantName = "[No Variations]"
Add component (AddParameter): Name = "Initial Current"; Value = ""; VariantName = "[No Variations]"
Add component (AddParameter): Name = "M"; Value = ""; VariantName = "[No Variations]"
Add component (AddParameter): Name = "RPAR"; Value = ""; VariantName = "[No Variations]"
Add component (AddParameter): Name = "RSER"; Value = ""; VariantName = "[No Variations]"
Add component (AddParameter): Name = "SimulationGenericComponent"; Value = "True"; VariantName = "[No Variations]"
Add component (AddParameter): Name = "T_REL_LOCAL"; Value = ""; VariantName = "[No Variations]"
Add component (AddParameter): Name = "TC1"; Value = ""; VariantName = "[No Variations]"
Add component (AddParameter): Name = "TC2"; Value = ""; VariantName = "[No Variations]"
Add component (AddParameter): Name = "TEMP"; Value = ""; VariantName = "[No Variations]"
Add component (AddParameter): Name = "Value"; Value = "4.7u"; VariantName = "[No Variations]"
Added Component: Designator=L2(WE-MAPI_4030)
Add component (AddParameter): Name = "CPAR"; Value = ""; VariantName = "[No Variations]"
Add component (AddParameter): Name = "DTEMP"; Value = ""; VariantName = "[No Variations]"
Add component (AddParameter): Name = "Initial Current"; Value = ""; VariantName = "[No Variations]"
Add component (AddParameter): Name = "M"; Value = ""; VariantName = "[No Variations]"
Add component (AddParameter): Name = "RPAR"; Value = ""; VariantName = "[No Variations]"
Add component (AddParameter): Name = "RSER"; Value = ""; VariantName = "[No Variations]"
Add component (AddParameter): Name = "SimulationGenericComponent"; Value = "True"; VariantName = "[No Variations]"
Add component (AddParameter): Name = "T_REL_LOCAL"; Value = ""; VariantName = "[No Variations]"
Add component (AddParameter): Name = "TC1"; Value = ""; VariantName = "[No Variations]"
Add component (AddParameter): Name = "TC2"; Value = ""; VariantName = "[No Variations]"
Add component (AddParameter): Name = "TEMP"; Value = ""; VariantName = "[No Variations]"
Add component (AddParameter): Name = "Value"; Value = "6.8u"; VariantName = "[No Variations]"
Add component: Footprint Not Found BAT-SMD_BH-18650_C9900015078
Added Component: Designator=U5(FP-DD-10-05-08-1699-MFG)
Add component (AddParameter): Name = "Add into BOM"; Value = "yes"; VariantName = "[No Variations]"
Add component (AddParameter): Name = "Channel ID"; Value = ""; VariantName = "[No Variations]"
Add component (AddParameter): Name = "Convert to PCB"; Value = "yes"; VariantName = "[No Variations]"
Add component (AddParameter): Name = "Datasheet"; Value = "https://item.szlcsc.com/datasheet/LT3045IDD%2523PBF/607790.html"; VariantName = "[No Variations]"
Add component (AddParameter): Name = "Device"; Value = "LT3045IDD#PBF"; VariantName = "[No Variations]"
Add component (AddParameter): Name = "Features"; Value = "Short Circuit Protection;Over Current Protection;Reverse Polarity Protection;Over Temperature Protection"; VariantName = "[No Variations]"
Add component (AddParameter): Name = "Group ID"; Value = ""; VariantName = "[No Variations]"
Add component (AddParameter): Name = "JLCPCB Part Class"; Value = "Extended Part"; VariantName = "[No Variations]"
Add component (AddParameter): Name = "LCSC Part Name"; Value = "20V?500mA????????PSRR?????"; VariantName = "[No Variations]"
Add component (AddParameter): Name = "Manufacturer"; Value = "ADI(???)"; VariantName = "[No Variations]"
Add component (AddParameter): Name = "Manufacturer Part"; Value = "LT3045IDD#PBF"; VariantName = "[No Variations]"
Add component (AddParameter): Name = "Noise"; Value = "0.8uVrms"; VariantName = "[No Variations]"
Add component (AddParameter): Name = "Number of Outputs"; Value = "1"; VariantName = "[No Variations]"
Add component (AddParameter): Name = "Operating Temperature"; Value = "-40?~+125?@(Tj)"; VariantName = "[No Variations]"
Add component (AddParameter): Name = "Output Configuration"; Value = "Positive"; VariantName = "[No Variations]"
Add component (AddParameter): Name = "Output Current"; Value = "500mA"; VariantName = "[No Variations]"
Add component (AddParameter): Name = "Output Type"; Value = "Adjustable"; VariantName = "[No Variations]"
Add component (AddParameter): Name = "Output Voltage"; Value = "0V~15V"; VariantName = "[No Variations]"
Add component (AddParameter): Name = "Power Supply Rejection Ratio (PSRR)"; Value = "76dB@(1MHz)"; VariantName = "[No Variations]"
Add component (AddParameter): Name = "Reuse Block"; Value = ""; VariantName = "[No Variations]"
Add component (AddParameter): Name = "standby current"; Value = "2.2mA"; VariantName = "[No Variations]"
Add component (AddParameter): Name = "Supplier"; Value = "LCSC"; VariantName = "[No Variations]"
Add component (AddParameter): Name = "Supplier Footprint"; Value = "DFN-10-EP(3x3)"; VariantName = "[No Variations]"
Add component (AddParameter): Name = "Supplier Part"; Value = "C580013"; VariantName = "[No Variations]"
Add component (AddParameter): Name = "Symbol"; Value = "LT3045IDD#PBF"; VariantName = "[No Variations]"
Add component (AddParameter): Name = "Voltage - Supply"; Value = "20V"; VariantName = "[No Variations]"
Add component (AddParameter): Name = "Voltage Dropout"; Value = "350mV@(500mA)"; VariantName = "[No Variations]"
Added Component: Designator=U6(FP-DD-10-05-08-1699-MFG)
Add component (AddParameter): Name = "Add into BOM"; Value = "yes"; VariantName = "[No Variations]"
Add component (AddParameter): Name = "Channel ID"; Value = ""; VariantName = "[No Variations]"
Add component (AddParameter): Name = "Convert to PCB"; Value = "yes"; VariantName = "[No Variations]"
Add component (AddParameter): Name = "Datasheet"; Value = "https://item.szlcsc.com/datasheet/LT3045IDD%2523PBF/607790.html"; VariantName = "[No Variations]"
Add component (AddParameter): Name = "Device"; Value = "LT3045IDD#PBF"; VariantName = "[No Variations]"
Add component (AddParameter): Name = "Features"; Value = "Short Circuit Protection;Over Current Protection;Reverse Polarity Protection;Over Temperature Protection"; VariantName = "[No Variations]"
Add component (AddParameter): Name = "Group ID"; Value = ""; VariantName = "[No Variations]"
Add component (AddParameter): Name = "JLCPCB Part Class"; Value = "Extended Part"; VariantName = "[No Variations]"
Add component (AddParameter): Name = "LCSC Part Name"; Value = "20V?500mA????????PSRR?????"; VariantName = "[No Variations]"
Add component (AddParameter): Name = "Manufacturer"; Value = "ADI(???)"; VariantName = "[No Variations]"
Add component (AddParameter): Name = "Manufacturer Part"; Value = "LT3045IDD#PBF"; VariantName = "[No Variations]"
Add component (AddParameter): Name = "Noise"; Value = "0.8uVrms"; VariantName = "[No Variations]"
Add component (AddParameter): Name = "Number of Outputs"; Value = "1"; VariantName = "[No Variations]"
Add component (AddParameter): Name = "Operating Temperature"; Value = "-40?~+125?@(Tj)"; VariantName = "[No Variations]"
Add component (AddParameter): Name = "Output Configuration"; Value = "Positive"; VariantName = "[No Variations]"
Add component (AddParameter): Name = "Output Current"; Value = "500mA"; VariantName = "[No Variations]"
Add component (AddParameter): Name = "Output Type"; Value = "Adjustable"; VariantName = "[No Variations]"
Add component (AddParameter): Name = "Output Voltage"; Value = "0V~15V"; VariantName = "[No Variations]"
Add component (AddParameter): Name = "Power Supply Rejection Ratio (PSRR)"; Value = "76dB@(1MHz)"; VariantName = "[No Variations]"
Add component (AddParameter): Name = "Reuse Block"; Value = ""; VariantName = "[No Variations]"
Add component (AddParameter): Name = "standby current"; Value = "2.2mA"; VariantName = "[No Variations]"
Add component (AddParameter): Name = "Supplier"; Value = "LCSC"; VariantName = "[No Variations]"
Add component (AddParameter): Name = "Supplier Footprint"; Value = "DFN-10-EP(3x3)"; VariantName = "[No Variations]"
Add component (AddParameter): Name = "Supplier Part"; Value = "C580013"; VariantName = "[No Variations]"
Add component (AddParameter): Name = "Symbol"; Value = "LT3045IDD#PBF"; VariantName = "[No Variations]"
Add component (AddParameter): Name = "Voltage - Supply"; Value = "20V"; VariantName = "[No Variations]"
Add component (AddParameter): Name = "Voltage Dropout"; Value = "350mV@(500mA)"; VariantName = "[No Variations]"
Added Component: Designator=U7(FP-DD-10-05-08-1699-MFG)
Add component (AddParameter): Name = "Add into BOM"; Value = "yes"; VariantName = "[No Variations]"
Add component (AddParameter): Name = "Channel ID"; Value = ""; VariantName = "[No Variations]"
Add component (AddParameter): Name = "Convert to PCB"; Value = "yes"; VariantName = "[No Variations]"
Add component (AddParameter): Name = "Datasheet"; Value = "https://item.szlcsc.com/datasheet/LT3045IDD%2523PBF/607790.html"; VariantName = "[No Variations]"
Add component (AddParameter): Name = "Device"; Value = "LT3045IDD#PBF"; VariantName = "[No Variations]"
Add component (AddParameter): Name = "Features"; Value = "Short Circuit Protection;Over Current Protection;Reverse Polarity Protection;Over Temperature Protection"; VariantName = "[No Variations]"
Add component (AddParameter): Name = "Group ID"; Value = ""; VariantName = "[No Variations]"
Add component (AddParameter): Name = "JLCPCB Part Class"; Value = "Extended Part"; VariantName = "[No Variations]"
Add component (AddParameter): Name = "LCSC Part Name"; Value = "20V?500mA????????PSRR?????"; VariantName = "[No Variations]"
Add component (AddParameter): Name = "Manufacturer"; Value = "ADI(???)"; VariantName = "[No Variations]"
Add component (AddParameter): Name = "Manufacturer Part"; Value = "LT3045IDD#PBF"; VariantName = "[No Variations]"
Add component (AddParameter): Name = "Noise"; Value = "0.8uVrms"; VariantName = "[No Variations]"
Add component (AddParameter): Name = "Number of Outputs"; Value = "1"; VariantName = "[No Variations]"
Add component (AddParameter): Name = "Operating Temperature"; Value = "-40?~+125?@(Tj)"; VariantName = "[No Variations]"
Add component (AddParameter): Name = "Output Configuration"; Value = "Positive"; VariantName = "[No Variations]"
Add component (AddParameter): Name = "Output Current"; Value = "500mA"; VariantName = "[No Variations]"
Add component (AddParameter): Name = "Output Type"; Value = "Adjustable"; VariantName = "[No Variations]"
Add component (AddParameter): Name = "Output Voltage"; Value = "0V~15V"; VariantName = "[No Variations]"
Add component (AddParameter): Name = "Power Supply Rejection Ratio (PSRR)"; Value = "76dB@(1MHz)"; VariantName = "[No Variations]"
Add component (AddParameter): Name = "Reuse Block"; Value = ""; VariantName = "[No Variations]"
Add component (AddParameter): Name = "standby current"; Value = "2.2mA"; VariantName = "[No Variations]"
Add component (AddParameter): Name = "Supplier"; Value = "LCSC"; VariantName = "[No Variations]"
Add component (AddParameter): Name = "Supplier Footprint"; Value = "DFN-10-EP(3x3)"; VariantName = "[No Variations]"
Add component (AddParameter): Name = "Supplier Part"; Value = "C580013"; VariantName = "[No Variations]"
Add component (AddParameter): Name = "Symbol"; Value = "LT3045IDD#PBF"; VariantName = "[No Variations]"
Add component (AddParameter): Name = "Voltage - Supply"; Value = "20V"; VariantName = "[No Variations]"
Add component (AddParameter): Name = "Voltage Dropout"; Value = "350mV@(500mA)"; VariantName = "[No Variations]"
Add Pin To Net: Unknown Pin: Pin 1-0
Add Pin To Net: Unknown Pin: Pin 2-0
Add Pin To Net: Unknown Pin: Pin C2-1
Add Pin To Net: Unknown Pin: Pin C2-2
Add Pin To Net: Unknown Pin: Pin C8-1
Add Pin To Net: Unknown Pin: Pin C8-2
Add Pin To Net: Unknown Pin: Pin C9-1
Add Pin To Net: Unknown Pin: Pin C9-2
Add Pin To Net: Unknown Pin: Pin C13-1
Add Pin To Net: Unknown Pin: Pin C13-2
Add Pin To Net: Unknown Pin: Pin C14-1
Add Pin To Net: Unknown Pin: Pin C14-2
Add Pin To Net: Unknown Pin: Pin C23-1
Add Pin To Net: Unknown Pin: Pin C23-2
Add Pin To Net: Unknown Pin: Pin C24-1
Add Pin To Net: Unknown Pin: Pin C24-2
Add Pin To Net: Unknown Pin: Pin C26-1
Add Pin To Net: Unknown Pin: Pin C26-2
Added Pin To Net: NetName=NetL1_1 Pin=L1-1
Added Pin To Net: NetName=NetCR1_2 Pin=L1-2
Added Pin To Net: NetName=NetCR2_1 Pin=L2-1
Added Pin To Net: NetName=GND Pin=L2-2
Add Pin To Net: Unknown Pin: Pin R1-1
Add Pin To Net: Unknown Pin: Pin R1-2
Add Pin To Net: Unknown Pin: Pin R2-1
Add Pin To Net: Unknown Pin: Pin R2-2
Add Pin To Net: Unknown Pin: Pin R3-1
Add Pin To Net: Unknown Pin: Pin R3-2
Add Pin To Net: Unknown Pin: Pin R4-1
Add Pin To Net: Unknown Pin: Pin R4-2
Add Pin To Net: Unknown Pin: Pin R5-1
Add Pin To Net: Unknown Pin: Pin R5-2
Add Pin To Net: Unknown Pin: Pin R6-1
Add Pin To Net: Unknown Pin: Pin R6-2
Add Pin To Net: Unknown Pin: Pin R7-1
Add Pin To Net: Unknown Pin: Pin R7-2
Add Pin To Net: Unknown Pin: Pin R8-1
Add Pin To Net: Unknown Pin: Pin R8-2
Add Pin To Net: Unknown Pin: Pin R9-1
Add Pin To Net: Unknown Pin: Pin R9-2
Add Pin To Net: Unknown Pin: Pin R10-1
Add Pin To Net: Unknown Pin: Pin R10-2
Add Pin To Net: Unknown Pin: Pin R11-1
Add Pin To Net: Unknown Pin: Pin R11-2
Add Pin To Net: Unknown Pin: Pin R12-1
Add Pin To Net: Unknown Pin: Pin R12-2
Add Pin To Net: Unknown Pin: Pin R13-1
Add Pin To Net: Unknown Pin: Pin R13-2
Add Pin To Net: Unknown Pin: Pin R14-1
Add Pin To Net: Unknown Pin: Pin R14-2
Add Pin To Net: Unknown Pin: Pin R15-1
Add Pin To Net: Unknown Pin: Pin R15-2
Add Pin To Net: Unknown Pin: Pin R16-1
Add Pin To Net: Unknown Pin: Pin R16-2
Add Pin To Net: Unknown Pin: Pin R17-1
Add Pin To Net: Unknown Pin: Pin R17-2
Add Pin To Net: Unknown Pin: Pin R18-1
Add Pin To Net: Unknown Pin: Pin R18-2
Add Pin To Net: Unknown Pin: Pin R19-1
Add Pin To Net: Unknown Pin: Pin R19-2
Add Pin To Net: Unknown Pin: Pin R20-1
Add Pin To Net: Unknown Pin: Pin R20-2
Add Pin To Net: Unknown Pin: Pin R21-1
Add Pin To Net: Unknown Pin: Pin R21-2
Add Pin To Net: Unknown Pin: Pin R22-1
Add Pin To Net: Unknown Pin: Pin R22-2
Add Pin To Net: Unknown Pin: Pin R23-1
Add Pin To Net: Unknown Pin: Pin R23-2
Add Pin To Net: Unknown Pin: Pin R24-1
Add Pin To Net: Unknown Pin: Pin R24-2
Add Pin To Net: Unknown Pin: Pin R25-1
Add Pin To Net: Unknown Pin: Pin R25-2
Add Pin To Net: Unknown Pin: Pin R26-1
Add Pin To Net: Unknown Pin: Pin R26-2
Add Pin To Net: Unknown Pin: Pin R27-1
Add Pin To Net: Unknown Pin: Pin R27-2
Add Pin To Net: Unknown Pin: Pin R28-1
Add Pin To Net: Unknown Pin: Pin R28-2
Add Pin To Net: Unknown Pin: Pin R29-1
Add Pin To Net: Unknown Pin: Pin R29-2
Add Pin To Net: Unknown Pin: Pin R30-1
Add Pin To Net: Unknown Pin: Pin R30-2
Add Pin To Net: Unknown Pin: Pin R31-1
Add Pin To Net: Unknown Pin: Pin R31-2
Add Pin To Net: Unknown Pin: Pin R32-1
Add Pin To Net: Unknown Pin: Pin R32-2
Add Pin To Net: Unknown Pin: Pin R33-1
Add Pin To Net: Unknown Pin: Pin R33-2
Add Pin To Net: Unknown Pin: Pin R34-1
Add Pin To Net: Unknown Pin: Pin R34-2
Add Pin To Net: Unknown Pin: Pin R35-1
Add Pin To Net: Unknown Pin: Pin R35-2
Add Pin To Net: Unknown Pin: Pin R36-1
Add Pin To Net: Unknown Pin: Pin R36-2
Add Pin To Net: Unknown Pin: Pin R37-1
Add Pin To Net: Unknown Pin: Pin R37-2
Add Pin To Net: Unknown Pin: Pin R38-1
Add Pin To Net: Unknown Pin: Pin R38-2
Add Pin To Net: Unknown Pin: Pin R39-1
Add Pin To Net: Unknown Pin: Pin R39-2
Add Pin To Net: Unknown Pin: Pin R40-1
Add Pin To Net: Unknown Pin: Pin R40-2
Add Pin To Net: Unknown Pin: Pin R41-1
Add Pin To Net: Unknown Pin: Pin R41-2
Add Pin To Net: Unknown Pin: Pin R42-1
Add Pin To Net: Unknown Pin: Pin R42-2
Add Pin To Net: Unknown Pin: Pin R43-1
Add Pin To Net: Unknown Pin: Pin R43-2
Add Pin To Net: Unknown Pin: Pin R44-1
Add Pin To Net: Unknown Pin: Pin R44-2
Add Pin To Net: Unknown Pin: Pin R45-1
Add Pin To Net: Unknown Pin: Pin R45-2
Add Pin To Net: Unknown Pin: Pin R46-1
Add Pin To Net: Unknown Pin: Pin R46-2
Add Pin To Net: Unknown Pin: Pin R47-1
Add Pin To Net: Unknown Pin: Pin R47-2
Add Pin To Net: Unknown Pin: Pin R48-1
Add Pin To Net: Unknown Pin: Pin R48-2
Add Pin To Net: Unknown Pin: Pin R51-1
Add Pin To Net: Unknown Pin: Pin R51-2
Add Pin To Net: Unknown Pin: Pin R52-1
Add Pin To Net: Unknown Pin: Pin R52-2
Add Pin To Net: Unknown Pin: Pin U2-12
Add Pin To Net: Unknown Pin: Pin U2-13
Add Pin To Net: Unknown Pin: Pin U2-14
Add Pin To Net: Unknown Pin: Pin U2-15
Add Pin To Net: Unknown Pin: Pin U2-16
Add Pin To Net: Unknown Pin: Pin U2-17
Add Pin To Net: Unknown Pin: Pin U2-18
Add Pin To Net: Unknown Pin: Pin U2-19
Add Pin To Net: Unknown Pin: Pin U2-20
Add Pin To Net: Unknown Pin: Pin U2-21
Add Pin To Net: Unknown Pin: Pin U4-1
Add Pin To Net: Unknown Pin: Pin U4-2
Added Pin To Net: NetName=VBST_POS Pin=U5-1
Added Pin To Net: NetName=VBST_POS Pin=U5-2
Added Pin To Net: NetName=VBST_POS Pin=U5-3
Added Pin To Net: NetName=NetR14_2 Pin=U5-5
Added Pin To Net: NetName=VBST_POS Pin=U5-6
Added Pin To Net: NetName=NetC19_2 Pin=U5-7
Added Pin To Net: NetName=GND Pin=U5-8
Added Pin To Net: NetName=+10V_ANA Pin=U5-9
Added Pin To Net: NetName=+10V_ANA Pin=U5-10
Added Pin To Net: NetName=GND Pin=U5-11
Added Pin To Net: NetName=V_SYS Pin=U6-1
Added Pin To Net: NetName=V_SYS Pin=U6-2
Added Pin To Net: NetName=V_SYS Pin=U6-3
Added Pin To Net: NetName=NetR9_2 Pin=U6-4
Added Pin To Net: NetName=NetR18_2 Pin=U6-5
Added Pin To Net: NetName=NetR6_1 Pin=U6-6
Added Pin To Net: NetName=NetC16_2 Pin=U6-7
Added Pin To Net: NetName=GND Pin=U6-8
Added Pin To Net: NetName=+3.3V_ANA Pin=U6-9
Added Pin To Net: NetName=+3.3V_ANA Pin=U6-10
Added Pin To Net: NetName=GND Pin=U6-11
Added Pin To Net: NetName=V_SYS Pin=U7-1
Added Pin To Net: NetName=V_SYS Pin=U7-2
Added Pin To Net: NetName=V_SYS Pin=U7-3
Added Pin To Net: NetName=NetR10_2 Pin=U7-4
Added Pin To Net: NetName=NetR19_2 Pin=U7-5
Added Pin To Net: NetName=NetR7_1 Pin=U7-6
Added Pin To Net: NetName=NetC17_2 Pin=U7-7
Added Pin To Net: NetName=GND Pin=U7-8
Added Pin To Net: NetName=+3.3V_BTMOD Pin=U7-9
Added Pin To Net: NetName=+3.3V_BTMOD Pin=U7-10
Added Pin To Net: NetName=GND Pin=U7-11
Add Pin To Net: Unknown Pin: Pin X1-1
Add Pin To Net: Unknown Pin: Pin X1-2
Add Class Member: Failed to add class member : Component C2 10?F
Add Class Member: Failed to add class member : Component C8 Capacitor
Add Class Member: Failed to add class member : Component C9 Capacitor
Add Class Member: Failed to add class member : Component C13 Capacitor
Add Class Member: Failed to add class member : Component C14 33?F
Add Class Member: Failed to add class member : Component C23 Capacitor
Add Class Member: Failed to add class member : Component C24 Capacitor
Add Class Member: Failed to add class member : Component C26 Capacitor
Added Member To Class: ClassName=1_P1 Member=Component L1 Inductor
Added Member To Class: ClassName=1_P1 Member=Component L2 Inductor
Add Class Member: Failed to add class member : Component R1 Resistor
Add Class Member: Failed to add class member : Component R2 Resistor
Add Class Member: Failed to add class member : Component R3 Resistor
Add Class Member: Failed to add class member : Component R4 Resistor
Add Class Member: Failed to add class member : Component R5 Resistor
Add Class Member: Failed to add class member : Component R6 Resistor
Add Class Member: Failed to add class member : Component R7 Resistor
Add Class Member: Failed to add class member : Component R8 Resistor
Add Class Member: Failed to add class member : Component R9 Resistor
Add Class Member: Failed to add class member : Component R10 Resistor
Add Class Member: Failed to add class member : Component R11 Resistor
Add Class Member: Failed to add class member : Component R12 Resistor
Add Class Member: Failed to add class member : Component R13 Resistor
Add Class Member: Failed to add class member : Component R14 Resistor
Add Class Member: Failed to add class member : Component R15 Resistor
Add Class Member: Failed to add class member : Component R16 Resistor
Add Class Member: Failed to add class member : Component R17 Resistor
Add Class Member: Failed to add class member : Component R18 Resistor
Add Class Member: Failed to add class member : Component R19 Resistor
Add Class Member: Failed to add class member : Component R20 Resistor
Add Class Member: Failed to add class member : Component R21 Resistor
Add Class Member: Failed to add class member : Component R22 Resistor
Add Class Member: Failed to add class member : Component R23 Resistor
Add Class Member: Failed to add class member : Component R24 Resistor
Add Class Member: Failed to add class member : Component R25 Resistor
Add Class Member: Failed to add class member : Component R26 Res_0603
Add Class Member: Failed to add class member : Component R27 Resistor
Add Class Member: Failed to add class member : Component R28 Resistor
Add Class Member: Failed to add class member : Component R29 Resistor
Add Class Member: Failed to add class member : Component R30 Resistor
Add Class Member: Failed to add class member : Component R31 Resistor
Add Class Member: Failed to add class member : Component R32 Resistor
Add Class Member: Failed to add class member : Component R33 Resistor
Add Class Member: Failed to add class member : Component R34 Resistor
Add Class Member: Failed to add class member : Component R35 Resistor
Add Class Member: Failed to add class member : Component R36 Resistor
Add Class Member: Failed to add class member : Component R37 Resistor
Add Class Member: Failed to add class member : Component R38 Resistor
Add Class Member: Failed to add class member : Component R39 Resistor
Add Class Member: Failed to add class member : Component R40 Resistor
Add Class Member: Failed to add class member : Component R41 Resistor
Add Class Member: Failed to add class member : Component R42 Resistor
Add Class Member: Failed to add class member : Component R43 Resistor
Add Class Member: Failed to add class member : Component R44 Resistor
Add Class Member: Failed to add class member : Component R45 Resistor
Add Class Member: Failed to add class member : Component R46 Resistor
Add Class Member: Failed to add class member : Component R47 Resistor
Add Class Member: Failed to add class member : Component R48 Resistor
Add Class Member: Failed to add class member : Component R51 Resistor
Add Class Member: Failed to add class member : Component R52 Resistor
Add Class Member: Failed to add class member : Component U4 BAT_BOX
Added Member To Class: ClassName=1_P1 Member=Component U5 LT3045IDD#PBF
Added Member To Class: ClassName=1_P1 Member=Component U6 LT3045IDD#PBF
Added Member To Class: ClassName=1_P1 Member=Component U7 LT3045IDD#PBF
Add Class Member: Failed to add class member : Component X1 Crystal
